<?xml version="1.0" encoding="UTF-8"?>
<testsuite name="com.fastcampus.java.project.demo.controller.HelloWorldControllerTest" tests="1" skipped="0" failures="0" errors="0" timestamp="2020-02-23T18:27:37" hostname="DESKTOP-TP8ANK7" time="1.007">
  <properties/>
  <testcase name="mockMvcTest()" classname="com.fastcampus.java.project.demo.controller.HelloWorldControllerTest" time="1.007"/>
  <system-out><![CDATA[03:27:32.066 [Test worker] DEBUG org.springframework.test.context.BootstrapUtils - Instantiating CacheAwareContextLoaderDelegate from class [org.springframework.test.context.cache.DefaultCacheAwareContextLoaderDelegate]
03:27:32.087 [Test worker] DEBUG org.springframework.test.context.BootstrapUtils - Instantiating BootstrapContext using constructor [public org.springframework.test.context.support.DefaultBootstrapContext(java.lang.Class,org.springframework.test.context.CacheAwareContextLoaderDelegate)]
03:27:32.147 [Test worker] DEBUG org.springframework.test.context.BootstrapUtils - Instantiating TestContextBootstrapper for test class [com.fastcampus.java.project.demo.controller.HelloWorldControllerTest] from class [org.springframework.boot.test.context.SpringBootTestContextBootstrapper]
03:27:32.234 [Test worker] INFO org.springframework.boot.test.context.SpringBootTestContextBootstrapper - Neither @ContextConfiguration nor @ContextHierarchy found for test class [com.fastcampus.java.project.demo.controller.HelloWorldControllerTest], using SpringBootContextLoader
03:27:32.241 [Test worker] DEBUG org.springframework.test.context.support.AbstractContextLoader - Did not detect default resource location for test class [com.fastcampus.java.project.demo.controller.HelloWorldControllerTest]: class path resource [com/fastcampus/java/project/demo/controller/HelloWorldControllerTest-context.xml] does not exist
03:27:32.242 [Test worker] DEBUG org.springframework.test.context.support.AbstractContextLoader - Did not detect default resource location for test class [com.fastcampus.java.project.demo.controller.HelloWorldControllerTest]: class path resource [com/fastcampus/java/project/demo/controller/HelloWorldControllerTestContext.groovy] does not exist
03:27:32.243 [Test worker] INFO org.springframework.test.context.support.AbstractContextLoader - Could not detect default resource locations for test class [com.fastcampus.java.project.demo.controller.HelloWorldControllerTest]: no resource found for suffixes {-context.xml, Context.groovy}.
03:27:32.246 [Test worker] INFO org.springframework.test.context.support.AnnotationConfigContextLoaderUtils - Could not detect default configuration classes for test class [com.fastcampus.java.project.demo.controller.HelloWorldControllerTest]: HelloWorldControllerTest does not declare any static, non-private, non-final, nested classes annotated with @Configuration.
03:27:32.341 [Test worker] DEBUG org.springframework.test.context.support.ActiveProfilesUtils - Could not find an 'annotation declaring class' for annotation type [org.springframework.test.context.ActiveProfiles] and class [com.fastcampus.java.project.demo.controller.HelloWorldControllerTest]
03:27:32.526 [Test worker] DEBUG org.springframework.context.annotation.ClassPathScanningCandidateComponentProvider - Identified candidate component class: file [C:\Projects\fastcampus-java-all-in-one\build\classes\java\main\com\fastcampus\java\project\demo\DemoApplication.class]
03:27:32.527 [Test worker] INFO org.springframework.boot.test.context.SpringBootTestContextBootstrapper - Found @SpringBootConfiguration com.fastcampus.java.project.demo.DemoApplication for test class com.fastcampus.java.project.demo.controller.HelloWorldControllerTest
03:27:32.725 [Test worker] DEBUG org.springframework.boot.test.context.SpringBootTestContextBootstrapper - @TestExecutionListeners is not present for class [com.fastcampus.java.project.demo.controller.HelloWorldControllerTest]: using defaults.
03:27:32.727 [Test worker] INFO org.springframework.boot.test.context.SpringBootTestContextBootstrapper - Loaded default TestExecutionListener class names from location [META-INF/spring.factories]: [org.springframework.boot.test.autoconfigure.restdocs.RestDocsTestExecutionListener, org.springframework.boot.test.autoconfigure.web.client.MockRestServiceServerResetTestExecutionListener, org.springframework.boot.test.autoconfigure.web.servlet.MockMvcPrintOnlyOnFailureTestExecutionListener, org.springframework.boot.test.autoconfigure.web.servlet.WebDriverTestExecutionListener, org.springframework.boot.test.mock.mockito.MockitoTestExecutionListener, org.springframework.boot.test.mock.mockito.ResetMocksTestExecutionListener, org.springframework.test.context.web.ServletTestExecutionListener, org.springframework.test.context.support.DirtiesContextBeforeModesTestExecutionListener, org.springframework.test.context.support.DependencyInjectionTestExecutionListener, org.springframework.test.context.support.DirtiesContextTestExecutionListener, org.springframework.test.context.transaction.TransactionalTestExecutionListener, org.springframework.test.context.jdbc.SqlScriptsTestExecutionListener, org.springframework.test.context.event.EventPublishingTestExecutionListener]
03:27:32.754 [Test worker] DEBUG org.springframework.boot.test.context.SpringBootTestContextBootstrapper - Skipping candidate TestExecutionListener [org.springframework.test.context.transaction.TransactionalTestExecutionListener] due to a missing dependency. Specify custom listener classes or make the default listener classes and their required dependencies available. Offending class: [org/springframework/transaction/interceptor/TransactionAttributeSource]
03:27:32.755 [Test worker] DEBUG org.springframework.boot.test.context.SpringBootTestContextBootstrapper - Skipping candidate TestExecutionListener [org.springframework.test.context.jdbc.SqlScriptsTestExecutionListener] due to a missing dependency. Specify custom listener classes or make the default listener classes and their required dependencies available. Offending class: [org/springframework/transaction/interceptor/TransactionAttribute]
03:27:32.755 [Test worker] INFO org.springframework.boot.test.context.SpringBootTestContextBootstrapper - Using TestExecutionListeners: [org.springframework.test.context.web.ServletTestExecutionListener@232b3ff3, org.springframework.test.context.support.DirtiesContextBeforeModesTestExecutionListener@4fe5d7c1, org.springframework.boot.test.mock.mockito.MockitoTestExecutionListener@5092ac4d, org.springframework.boot.test.autoconfigure.SpringBootDependencyInjectionTestExecutionListener@228e468, org.springframework.test.context.support.DirtiesContextTestExecutionListener@78869779, org.springframework.test.context.event.EventPublishingTestExecutionListener@19bc1c77, org.springframework.boot.test.autoconfigure.restdocs.RestDocsTestExecutionListener@5c892bc9, org.springframework.boot.test.autoconfigure.web.client.MockRestServiceServerResetTestExecutionListener@19c79f94, org.springframework.boot.test.autoconfigure.web.servlet.MockMvcPrintOnlyOnFailureTestExecutionListener@55b6ee8a, org.springframework.boot.test.autoconfigure.web.servlet.WebDriverTestExecutionListener@2c100fef, org.springframework.boot.test.mock.mockito.ResetMocksTestExecutionListener@3952bec7]
03:27:32.769 [Test worker] DEBUG org.springframework.test.context.support.AbstractDirtiesContextTestExecutionListener - Before test class: context [DefaultTestContext@617bf08b testClass = HelloWorldControllerTest, testInstance = [null], testMethod = [null], testException = [null], mergedContextConfiguration = [WebMergedContextConfiguration@2c66866e testClass = HelloWorldControllerTest, locations = '{}', classes = '{class com.fastcampus.java.project.demo.DemoApplication}', contextInitializerClasses = '[]', activeProfiles = '{}', propertySourceLocations = '{}', propertySourceProperties = '{org.springframework.boot.test.context.SpringBootTestContextBootstrapper=true}', contextCustomizers = set[org.springframework.boot.test.autoconfigure.properties.PropertyMappingContextCustomizer@0, org.springframework.boot.test.autoconfigure.web.servlet.WebDriverContextCustomizerFactory$Customizer@42cd4c5a, org.springframework.boot.test.context.filter.ExcludeFilterContextCustomizer@498f1f7b, org.springframework.boot.test.json.DuplicateJsonObjectContextCustomizerFactory$DuplicateJsonObjectContextCustomizer@33db2112, org.springframework.boot.test.mock.mockito.MockitoContextCustomizer@0, org.springframework.boot.test.web.client.TestRestTemplateContextCustomizer@759c1294], resourceBasePath = 'src/main/webapp', contextLoader = 'org.springframework.boot.test.context.SpringBootContextLoader', parent = [null]], attributes = map['org.springframework.test.context.web.ServletTestExecutionListener.activateListener' -> true]], class annotated with @DirtiesContext [false] with mode [null].
03:27:32.829 [Test worker] DEBUG org.springframework.test.context.support.TestPropertySourceUtils - Adding inlined properties to environment: {spring.jmx.enabled=false, org.springframework.boot.test.context.SpringBootTestContextBootstrapper=true, server.port=-1}

  .   ____          _            __ _ _
 /\\ / ___'_ __ _ _(_)_ __  __ _ \ \ \ \
( ( )\___ | '_ | '_| | '_ \/ _` | \ \ \ \
 \\/  ___)| |_)| | | | | || (_| |  ) ) ) )
  '  |____| .__|_| |_|_| |_\__, | / / / /
 =========|_|==============|___/=/_/_/_/
 :: Spring Boot ::        (v2.2.4.RELEASE)

2020-02-24 03:27:33.421  INFO 17544 --- [    Test worker] c.f.j.p.d.c.HelloWorldControllerTest     : Starting HelloWorldControllerTest on DESKTOP-TP8ANK7 with PID 17544 (started by sehee in C:\Projects\fastcampus-java-all-in-one)
2020-02-24 03:27:33.424  INFO 17544 --- [    Test worker] c.f.j.p.d.c.HelloWorldControllerTest     : No active profile set, falling back to default profiles: default
2020-02-24 03:27:36.585  INFO 17544 --- [    Test worker] o.s.s.concurrent.ThreadPoolTaskExecutor  : Initializing ExecutorService 'applicationTaskExecutor'
2020-02-24 03:27:37.296  INFO 17544 --- [    Test worker] c.f.j.p.d.c.HelloWorldControllerTest     : Started HelloWorldControllerTest in 4.449 seconds (JVM running for 7.786)
2020-02-24 03:27:38.063  INFO 17544 --- [    Test worker] o.s.mock.web.MockServletContext          : Initializing Spring TestDispatcherServlet ''
2020-02-24 03:27:38.063  INFO 17544 --- [    Test worker] o.s.t.web.servlet.TestDispatcherServlet  : Initializing Servlet ''
2020-02-24 03:27:38.065  INFO 17544 --- [    Test worker] o.s.t.web.servlet.TestDispatcherServlet  : Completed initialization in 1 ms

MockHttpServletRequest:
      HTTP Method = GET
      Request URI = /api/helloWorld
       Parameters = {}
          Headers = []
             Body = <no character encoding set>
    Session Attrs = {}

Handler:
             Type = com.fastcampus.java.project.demo.controller.HelloWorldController
           Method = com.fastcampus.java.project.demo.controller.HelloWorldController#helloWorld()

Async:
    Async started = false
     Async result = null

Resolved Exception:
             Type = null

ModelAndView:
        View name = null
             View = null
            Model = null

FlashMap:
       Attributes = null

MockHttpServletResponse:
           Status = 200
    Error message = null
          Headers = [Content-Type:"text/plain;charset=ISO-8859-1", Content-Length:"10"]
     Content type = text/plain;charset=ISO-8859-1
             Body = HelloWorld
    Forwarded URL = null
   Redirected URL = null
          Cookies = []
]]></system-out>
  <system-err><![CDATA[]]></system-err>
</testsuite>
